7.1.2 10-02-2019 18:44:04 Starting new session. Mods: examplemod 
7.1.2 10-02-2019 18:44:43 MAJOR: null: Loading language: en_us
7.1.2 10-02-2019 18:44:43 MAJOR: null: LanguageData loaded: en_us. Wand invitem name: Wand of Summoning
7.1.2 10-02-2019 20:22:04 Starting new session. Mods: examplemod 
7.1.2 10-02-2019 20:22:45 MAJOR: null: Loading language: en_us
7.1.2 10-02-2019 20:22:45 MAJOR: null: LanguageData loaded: en_us. Wand invitem name: Wand of Summoning
7.1.2 10-02-2019 20:45:07 Starting new session. Mods: examplemod 
7.1.2 10-02-2019 20:45:48 MAJOR: null: Loading language: en_us
7.1.2 10-02-2019 20:45:48 MAJOR: null: LanguageData loaded: en_us. Wand invitem name: Wand of Summoning
7.1.2 10-02-2019 20:56:53 Starting new session. Mods: examplemod 
7.1.2 10-02-2019 20:57:33 MAJOR: null: Loading language: en_us
7.1.2 10-02-2019 20:57:33 MAJOR: null: LanguageData loaded: en_us. Wand invitem name: Wand of Summoning
7.1.2 10-02-2019 21:49:25 Starting new session. Mods: examplemod 
7.1.2 10-02-2019 21:50:04 MAJOR: null: Loading language: en_us
7.1.2 10-02-2019 21:50:04 MAJOR: null: LanguageData loaded: en_us. Wand invitem name: Wand of Summoning
7.1.2 10-02-2019 21:55:00 Starting new session. Mods: examplemod 
7.1.2 10-02-2019 21:55:40 MAJOR: null: Loading language: en_us
7.1.2 10-02-2019 21:55:40 MAJOR: null: LanguageData loaded: en_us. Wand invitem name: Wand of Summoning
7.1.2 10-02-2019 22:38:07 Starting new session. Mods: examplemod 
7.1.2 10-02-2019 22:38:46 MAJOR: null: Loading language: en_us
7.1.2 10-02-2019 22:38:46 MAJOR: null: LanguageData loaded: en_us. Wand invitem name: Wand of Summoning
7.1.2 10-02-2019 22:44:49 Starting new session. Mods: examplemod 
7.1.2 10-02-2019 22:45:29 MAJOR: null: Loading language: en_us
7.1.2 10-02-2019 22:45:29 MAJOR: null: LanguageData loaded: en_us. Wand invitem name: Wand of Summoning
7.1.2 10-02-2019 22:52:03 Starting new session. Mods: examplemod 
7.1.2 10-02-2019 22:52:43 MAJOR: null: Loading language: en_us
7.1.2 10-02-2019 22:52:43 MAJOR: null: LanguageData loaded: en_us. Wand invitem name: Wand of Summoning
7.1.2 10-02-2019 23:51:05 Starting new session. Mods: examplemod 
7.1.2 10-02-2019 23:51:45 MAJOR: null: Loading language: en_us
7.1.2 10-02-2019 23:51:45 MAJOR: null: LanguageData loaded: en_us. Wand invitem name: Wand of Summoning
7.1.2 11-02-2019 12:59:05 Starting new session. Mods: examplemod 
7.1.2 11-02-2019 12:59:48 MAJOR: null: Loading language: en_us
7.1.2 11-02-2019 12:59:49 MAJOR: null: LanguageData loaded: en_us. Wand invitem name: Wand of Summoning
7.1.2 11-02-2019 14:09:59 Starting new session. Mods: examplemod 
7.1.2 11-02-2019 14:10:39 MAJOR: null: Loading language: en_us
7.1.2 11-02-2019 14:10:40 MAJOR: null: LanguageData loaded: en_us. Wand invitem name: Wand of Summoning
7.1.2 11-02-2019 14:26:32 Starting new session. Mods: examplemod 
7.1.2 11-02-2019 14:27:11 MAJOR: null: Loading language: en_us
7.1.2 11-02-2019 14:27:11 MAJOR: null: LanguageData loaded: en_us. Wand invitem name: Wand of Summoning
7.1.2 11-02-2019 14:32:08 Starting new session. Mods: examplemod 
7.1.2 11-02-2019 14:32:48 MAJOR: null: Loading language: en_us
7.1.2 11-02-2019 14:32:48 MAJOR: null: LanguageData loaded: en_us. Wand invitem name: Wand of Summoning
7.1.2 11-02-2019 15:14:46 Starting new session. Mods: examplemod 
7.1.2 11-02-2019 15:15:25 MAJOR: null: Loading language: en_us
7.1.2 11-02-2019 15:15:25 MAJOR: null: LanguageData loaded: en_us. Wand invitem name: Wand of Summoning
7.1.2 11-02-2019 17:26:30 Starting new session. Mods: examplemod 
7.1.2 11-02-2019 17:27:10 MAJOR: null: Loading language: en_us
7.1.2 11-02-2019 17:27:10 MAJOR: null: LanguageData loaded: en_us. Wand invitem name: Wand of Summoning
7.1.2 11-02-2019 20:34:50 Starting new session. Mods: examplemod 
7.1.2 11-02-2019 20:35:30 MAJOR: null: Loading language: en_us
7.1.2 11-02-2019 20:35:30 MAJOR: null: LanguageData loaded: en_us. Wand invitem name: Wand of Summoning
7.1.2 11-02-2019 20:40:22 Starting new session. Mods: examplemod 
7.1.2 11-02-2019 20:41:03 MAJOR: null: Loading language: en_us
7.1.2 11-02-2019 20:41:04 MAJOR: null: LanguageData loaded: en_us. Wand invitem name: Wand of Summoning
7.1.2 11-02-2019 20:59:33 Exception when finding JPS path:
7.1.2 11-02-2019 20:59:33 org.millenaire.common.utilities.ThreadSafeUtilities$ChunkAccessException: Attempting to access a coordinate in an unloaded chunk within a thread in a server world at -18/483.
	at org.millenaire.common.utilities.ThreadSafeUtilities.validateCoords(ThreadSafeUtilities.java:81)
	at org.millenaire.common.utilities.ThreadSafeUtilities.getBlockState(ThreadSafeUtilities.java:44)
	at org.millenaire.common.pathing.atomicstryker.AStarStatic.isPassableBlock(AStarStatic.java:151)
	at org.millenaire.common.pathing.atomicstryker.AStarStatic.translateAStarPathtoPathEntity(AStarStatic.java:301)
	at org.millenaire.common.entity.MillVillager.applyPathCalculatedSinceLastTick(MillVillager.java:425)
	at org.millenaire.common.entity.MillVillager.func_70071_h_(MillVillager.java:2300)
	at net.minecraft.world.World.func_72866_a(World.java:1993)
	at net.minecraft.world.WorldServer.func_72866_a(WorldServer.java:832)
	at net.minecraft.world.World.func_72870_g(World.java:1955)
	at net.minecraft.world.World.func_72939_s(World.java:1759)
	at net.minecraft.world.WorldServer.func_72939_s(WorldServer.java:613)
	at net.minecraft.server.MinecraftServer.func_71190_q(MinecraftServer.java:767)
	at net.minecraft.server.MinecraftServer.func_71217_p(MinecraftServer.java:668)
	at net.minecraft.server.integrated.IntegratedServer.func_71217_p(IntegratedServer.java:185)
	at net.minecraft.server.MinecraftServer.run(MinecraftServer.java:526)
	at java.lang.Thread.run(Thread.java:748)

7.1.2 11-02-2019 23:14:31 Starting new session. Mods: examplemod 
7.1.2 11-02-2019 23:15:10 MAJOR: null: Loading language: en_us
7.1.2 11-02-2019 23:15:11 MAJOR: null: LanguageData loaded: en_us. Wand invitem name: Wand of Summoning
7.1.2 12-02-2019 09:51:03 Starting new session. Mods: examplemod 
7.1.2 12-02-2019 09:51:46 MAJOR: null: Loading language: en_us
7.1.2 12-02-2019 09:51:47 MAJOR: null: LanguageData loaded: en_us. Wand invitem name: Wand of Summoning
